#
# A fatal error has been detected by the Java Runtime Environment:
#
#  Internal Error (classFileParser.cpp:3494), pid=3902, tid=140708761233152
#  Error: ShouldNotReachHere()
#
# JRE version: 6.0_24-b24
# Java VM: OpenJDK 64-Bit Server VM (20.0-b12 mixed mode linux-amd64 compressed oops)
# Derivative: IcedTea6 1.11.1
# Distribution: Ubuntu precise (development branch), package 6b24-1.11.1-3ubuntu3
# If you would like to submit a bug report, please include
# instructions how to reproduce the bug and visit:
#   https://bugs.launchpad.net/ubuntu/+source/openjdk-6/
#

---------------  T H R E A D  ---------------

Current thread (0x00007ff948008000):  JavaThread "Unknown thread" [_thread_in_vm, id=3904, stack(0x00007ff94faae000,0x00007ff94fbaf000)]

Stack: [0x00007ff94faae000,0x00007ff94fbaf000],  sp=0x00007ff94fbad080,  free space=1020k
Native frames: (J=compiled Java code, j=interpreted, Vv=VM code, C=native code)
V  [libjvm.so+0x783335]  VMError::report(outputStream*)+0x1255
V  [libjvm.so+0x7835b9]  VMError::report_and_die()+0x169
V  [libjvm.so+0x3bb24a]  report_vm_error(char const*, int, char const*, char const*)+0x4a
V  [libjvm.so+0x351615]  ClassFileParser::parseClassFile(symbolHandle, Handle, Handle, KlassHandle, GrowableArray<Handle>*, symbolHandle&, bool, Thread*)+0x1545
V  [libjvm.so+0x355873]  ClassLoader::load_classfile(symbolHandle, Thread*)+0x1f3
V  [libjvm.so+0x71b504]  SystemDictionary::load_instance_class(symbolHandle, Handle, Thread*)+0x354
V  [libjvm.so+0x719c10]  SystemDictionary::resolve_instance_class_or_null(symbolHandle, Handle, Handle, Thread*)+0x7c0
V  [libjvm.so+0x71bb93]  SystemDictionary::resolve_or_fail(symbolHandle, Handle, Handle, bool, Thread*)+0x33
V  [libjvm.so+0x71bc74]  SystemDictionary::resolve_or_fail(symbolHandle, bool, Thread*)+0x14
V  [libjvm.so+0x71bd20]  SystemDictionary::initialize_wk_klass(SystemDictionary::WKID, int, Thread*)+0xa0
V  [libjvm.so+0x71bd89]  SystemDictionary::initialize_wk_klasses_until(SystemDictionary::WKID, SystemDictionary::WKID&, Thread*)+0x59
V  [libjvm.so+0x71be81]  SystemDictionary::initialize_preloaded_classes(Thread*)+0x71
V  [libjvm.so+0x75f6ff]  Universe::genesis(Thread*)+0x11f
V  [libjvm.so+0x7600af]  universe2_init()+0x1f
V  [libjvm.so+0x473fe5]  init_globals()+0x95
V  [libjvm.so+0x74a03a]  Threads::create_vm(JavaVMInitArgs*, bool*)+0x1ea
V  [libjvm.so+0x4cdcb1]  JNI_CreateJavaVM+0x61
C  [java+0x317e]  JavaMain+0x7e


---------------  P R O C E S S  ---------------

Java Threads: ( => current thread )

Other Threads:

=>0x00007ff948008000 (exited) JavaThread "Unknown thread" [_thread_in_vm, id=3904, stack(0x00007ff94faae000,0x00007ff94fbaf000)]

VM state:not at safepoint (not fully initialized)

VM Mutex/Monitor currently owned by a thread: None

Dynamic libraries:
00400000-00409000 r-xp 00000000 08:02 1047130                            /usr/lib/jvm/java-6-openjdk-amd64/jre/bin/java
00608000-00609000 r--p 00008000 08:02 1047130                            /usr/lib/jvm/java-6-openjdk-amd64/jre/bin/java
00609000-0060a000 rw-p 00009000 08:02 1047130                            /usr/lib/jvm/java-6-openjdk-amd64/jre/bin/java
012d8000-012f9000 rw-p 00000000 00:00 0                                  [heap]
da600000-daa80000 rw-p 00000000 00:00 0 
daa80000-e3750000 rw-p 00000000 00:00 0 
e3750000-e4070000 rw-p 00000000 00:00 0 
e4070000-f5a00000 rw-p 00000000 00:00 0 
f5a00000-f6ec0000 rw-p 00000000 00:00 0 
f6ec0000-100000000 rw-p 00000000 00:00 0 
7ff945000000-7ff945270000 rwxp 00000000 00:00 0 
7ff945270000-7ff948067000 rw-p 00000000 00:00 0 
7ff948067000-7ff94c000000 ---p 00000000 00:00 0 
7ff94c6b8000-7ff94c717000 r--s 00492000 08:02 1971829                    /home/josh/android-sdk-linux/platforms/android-7/android.jar
7ff94c717000-7ff94c74a000 rw-p 00000000 00:00 0 
7ff94c74a000-7ff94c793000 rw-p 00000000 00:00 0 
7ff94c793000-7ff94c798000 rw-p 00000000 00:00 0 
7ff94c798000-7ff94c825000 rw-p 00000000 00:00 0 
7ff94c825000-7ff94c828000 rw-p 00000000 00:00 0 
7ff94c828000-7ff94c86d000 rw-p 00000000 00:00 0 
7ff94c86d000-7ff94c873000 rw-p 00000000 00:00 0 
7ff94c873000-7ff94c8ff000 rw-p 00000000 00:00 0 
7ff94c8ff000-7ff94c90a000 rw-p 00000000 00:00 0 
7ff94c90a000-7ff94c952000 rw-p 00000000 00:00 0 
7ff94c952000-7ff94c953000 rw-p 00000000 00:00 0 
7ff94c953000-7ff94c95a000 r-xp 00000000 08:02 926816                     /usr/lib/jvm/java-6-openjdk-amd64/jre/lib/amd64/libzip.so
7ff94c95a000-7ff94cb59000 ---p 00007000 08:02 926816                     /usr/lib/jvm/java-6-openjdk-amd64/jre/lib/amd64/libzip.so
7ff94cb59000-7ff94cb5a000 r--p 00006000 08:02 926816                     /usr/lib/jvm/java-6-openjdk-amd64/jre/lib/amd64/libzip.so
7ff94cb5a000-7ff94cb5b000 rw-p 00007000 08:02 926816                     /usr/lib/jvm/java-6-openjdk-amd64/jre/lib/amd64/libzip.so
7ff94cb5b000-7ff94cb67000 r-xp 00000000 08:02 530969                     /lib/x86_64-linux-gnu/libnss_files-2.15.so
7ff94cb67000-7ff94cd66000 ---p 0000c000 08:02 530969                     /lib/x86_64-linux-gnu/libnss_files-2.15.so
7ff94cd66000-7ff94cd67000 r--p 0000b000 08:02 530969                     /lib/x86_64-linux-gnu/libnss_files-2.15.so
7ff94cd67000-7ff94cd68000 rw-p 0000c000 08:02 530969                     /lib/x86_64-linux-gnu/libnss_files-2.15.so
7ff94cd68000-7ff94cd72000 r-xp 00000000 08:02 530971                     /lib/x86_64-linux-gnu/libnss_nis-2.15.so
7ff94cd72000-7ff94cf72000 ---p 0000a000 08:02 530971                     /lib/x86_64-linux-gnu/libnss_nis-2.15.so
7ff94cf72000-7ff94cf73000 r--p 0000a000 08:02 530971                     /lib/x86_64-linux-gnu/libnss_nis-2.15.so
7ff94cf73000-7ff94cf74000 rw-p 0000b000 08:02 530971                     /lib/x86_64-linux-gnu/libnss_nis-2.15.so
7ff94cf74000-7ff94cf8b000 r-xp 00000000 08:02 530106                     /lib/x86_64-linux-gnu/libnsl-2.15.so
7ff94cf8b000-7ff94d18a000 ---p 00017000 08:02 530106                     /lib/x86_64-linux-gnu/libnsl-2.15.so
7ff94d18a000-7ff94d18b000 r--p 00016000 08:02 530106                     /lib/x86_64-linux-gnu/libnsl-2.15.so
7ff94d18b000-7ff94d18c000 rw-p 00017000 08:02 530106                     /lib/x86_64-linux-gnu/libnsl-2.15.so
7ff94d18c000-7ff94d18e000 rw-p 00000000 00:00 0 
7ff94d18e000-7ff94d196000 r-xp 00000000 08:02 530967                     /lib/x86_64-linux-gnu/libnss_compat-2.15.so
7ff94d196000-7ff94d395000 ---p 00008000 08:02 530967                     /lib/x86_64-linux-gnu/libnss_compat-2.15.so
7ff94d395000-7ff94d396000 r--p 00007000 08:02 530967                     /lib/x86_64-linux-gnu/libnss_compat-2.15.so
7ff94d396000-7ff94d397000 rw-p 00008000 08:02 530967                     /lib/x86_64-linux-gnu/libnss_compat-2.15.so
7ff94d397000-7ff94d3c3000 r-xp 00000000 08:02 926815                     /usr/lib/jvm/java-6-openjdk-amd64/jre/lib/amd64/libjava.so
7ff94d3c3000-7ff94d5c2000 ---p 0002c000 08:02 926815                     /usr/lib/jvm/java-6-openjdk-amd64/jre/lib/amd64/libjava.so
7ff94d5c2000-7ff94d5c3000 r--p 0002b000 08:02 926815                     /usr/lib/jvm/java-6-openjdk-amd64/jre/lib/amd64/libjava.so
7ff94d5c3000-7ff94d5c6000 rw-p 0002c000 08:02 926815                     /usr/lib/jvm/java-6-openjdk-amd64/jre/lib/amd64/libjava.so
7ff94d5c6000-7ff94d5d4000 r-xp 00000000 08:02 926801                     /usr/lib/jvm/java-6-openjdk-amd64/jre/lib/amd64/libverify.so
7ff94d5d4000-7ff94d7d3000 ---p 0000e000 08:02 926801                     /usr/lib/jvm/java-6-openjdk-amd64/jre/lib/amd64/libverify.so
7ff94d7d3000-7ff94d7d5000 r--p 0000d000 08:02 926801                     /usr/lib/jvm/java-6-openjdk-amd64/jre/lib/amd64/libverify.so
7ff94d7d5000-7ff94d7d6000 rw-p 0000f000 08:02 926801                     /usr/lib/jvm/java-6-openjdk-amd64/jre/lib/amd64/libverify.so
7ff94d7d6000-7ff94d7dd000 r-xp 00000000 08:02 530976                     /lib/x86_64-linux-gnu/librt-2.15.so
7ff94d7dd000-7ff94d9dc000 ---p 00007000 08:02 530976                     /lib/x86_64-linux-gnu/librt-2.15.so
7ff94d9dc000-7ff94d9dd000 r--p 00006000 08:02 530976                     /lib/x86_64-linux-gnu/librt-2.15.so
7ff94d9dd000-7ff94d9de000 rw-p 00007000 08:02 530976                     /lib/x86_64-linux-gnu/librt-2.15.so
7ff94d9de000-7ff94d9f3000 r-xp 00000000 08:02 529044                     /lib/x86_64-linux-gnu/libgcc_s.so.1
7ff94d9f3000-7ff94dbf2000 ---p 00015000 08:02 529044                     /lib/x86_64-linux-gnu/libgcc_s.so.1
7ff94dbf2000-7ff94dbf3000 r--p 00014000 08:02 529044                     /lib/x86_64-linux-gnu/libgcc_s.so.1
7ff94dbf3000-7ff94dbf4000 rw-p 00015000 08:02 529044                     /lib/x86_64-linux-gnu/libgcc_s.so.1
7ff94dbf4000-7ff94dced000 r-xp 00000000 08:02 529455                     /lib/x86_64-linux-gnu/libm-2.15.so
7ff94dced000-7ff94deec000 ---p 000f9000 08:02 529455                     /lib/x86_64-linux-gnu/libm-2.15.so
7ff94deec000-7ff94deed000 r--p 000f8000 08:02 529455                     /lib/x86_64-linux-gnu/libm-2.15.so
7ff94deed000-7ff94deee000 rw-p 000f9000 08:02 529455                     /lib/x86_64-linux-gnu/libm-2.15.so
7ff94deee000-7ff94dfd0000 r-xp 00000000 08:02 2877978                    /usr/lib/x86_64-linux-gnu/libstdc++.so.6.0.16
7ff94dfd0000-7ff94e1cf000 ---p 000e2000 08:02 2877978                    /usr/lib/x86_64-linux-gnu/libstdc++.so.6.0.16
7ff94e1cf000-7ff94e1d7000 r--p 000e1000 08:02 2877978                    /usr/lib/x86_64-linux-gnu/libstdc++.so.6.0.16
7ff94e1d7000-7ff94e1d9000 rw-p 000e9000 08:02 2877978                    /usr/lib/x86_64-linux-gnu/libstdc++.so.6.0.16
7ff94e1d9000-7ff94e1ee000 rw-p 00000000 00:00 0 
7ff94e1ee000-7ff94eaf2000 r-xp 00000000 08:02 1047147                    /usr/lib/jvm/java-6-openjdk-amd64/jre/lib/amd64/server/libjvm.so
7ff94eaf2000-7ff94ecf1000 ---p 00904000 08:02 1047147                    /usr/lib/jvm/java-6-openjdk-amd64/jre/lib/amd64/server/libjvm.so
7ff94ecf1000-7ff94ed72000 r--p 00903000 08:02 1047147                    /usr/lib/jvm/java-6-openjdk-amd64/jre/lib/amd64/server/libjvm.so
7ff94ed72000-7ff94ed8d000 rw-p 00984000 08:02 1047147                    /usr/lib/jvm/java-6-openjdk-amd64/jre/lib/amd64/server/libjvm.so
7ff94ed8d000-7ff94edb6000 rw-p 00000000 00:00 0 
7ff94edb6000-7ff94edcc000 r-xp 00000000 08:02 523306                     /lib/x86_64-linux-gnu/libz.so.1.2.3.4
7ff94edcc000-7ff94efcb000 ---p 00016000 08:02 523306                     /lib/x86_64-linux-gnu/libz.so.1.2.3.4
7ff94efcb000-7ff94efcc000 r--p 00015000 08:02 523306                     /lib/x86_64-linux-gnu/libz.so.1.2.3.4
7ff94efcc000-7ff94efcd000 rw-p 00016000 08:02 523306                     /lib/x86_64-linux-gnu/libz.so.1.2.3.4
7ff94efcd000-7ff94f17e000 r-xp 00000000 08:02 529240                     /lib/x86_64-linux-gnu/libc-2.15.so
7ff94f17e000-7ff94f37d000 ---p 001b1000 08:02 529240                     /lib/x86_64-linux-gnu/libc-2.15.so
7ff94f37d000-7ff94f381000 r--p 001b0000 08:02 529240                     /lib/x86_64-linux-gnu/libc-2.15.so
7ff94f381000-7ff94f383000 rw-p 001b4000 08:02 529240                     /lib/x86_64-linux-gnu/libc-2.15.so
7ff94f383000-7ff94f388000 rw-p 00000000 00:00 0 
7ff94f388000-7ff94f38a000 r-xp 00000000 08:02 529454                     /lib/x86_64-linux-gnu/libdl-2.15.so
7ff94f38a000-7ff94f58a000 ---p 00002000 08:02 529454                     /lib/x86_64-linux-gnu/libdl-2.15.so
7ff94f58a000-7ff94f58b000 r--p 00002000 08:02 529454                     /lib/x86_64-linux-gnu/libdl-2.15.so
7ff94f58b000-7ff94f58c000 rw-p 00003000 08:02 529454                     /lib/x86_64-linux-gnu/libdl-2.15.so
7ff94f58c000-7ff94f590000 r-xp 00000000 08:02 1047145                    /usr/lib/jvm/java-6-openjdk-amd64/jre/lib/amd64/jli/libjli.so
7ff94f590000-7ff94f78f000 ---p 00004000 08:02 1047145                    /usr/lib/jvm/java-6-openjdk-amd64/jre/lib/amd64/jli/libjli.so
7ff94f78f000-7ff94f790000 r--p 00003000 08:02 1047145                    /usr/lib/jvm/java-6-openjdk-amd64/jre/lib/amd64/jli/libjli.so
7ff94f790000-7ff94f791000 rw-p 00004000 08:02 1047145                    /usr/lib/jvm/java-6-openjdk-amd64/jre/lib/amd64/jli/libjli.so
7ff94f791000-7ff94f7a9000 r-xp 00000000 08:02 530974                     /lib/x86_64-linux-gnu/libpthread-2.15.so
7ff94f7a9000-7ff94f9a8000 ---p 00018000 08:02 530974                     /lib/x86_64-linux-gnu/libpthread-2.15.so
7ff94f9a8000-7ff94f9a9000 r--p 00017000 08:02 530974                     /lib/x86_64-linux-gnu/libpthread-2.15.so
7ff94f9a9000-7ff94f9aa000 rw-p 00018000 08:02 530974                     /lib/x86_64-linux-gnu/libpthread-2.15.so
7ff94f9aa000-7ff94f9ae000 rw-p 00000000 00:00 0 
7ff94f9ae000-7ff94f9d0000 r-xp 00000000 08:02 523286                     /lib/x86_64-linux-gnu/ld-2.15.so
7ff94f9ee000-7ff94f9f8000 rw-p 00000000 00:00 0 
7ff94f9f8000-7ff94faae000 rw-p 00000000 00:00 0 
7ff94faae000-7ff94fab1000 ---p 00000000 00:00 0 
7ff94fab1000-7ff94fbb4000 rw-p 00000000 00:00 0 
7ff94fbc4000-7ff94fbcc000 rw-s 00000000 08:02 917204                     /tmp/hsperfdata_josh/3902
7ff94fbcc000-7ff94fbcd000 rw-p 00000000 00:00 0 
7ff94fbcd000-7ff94fbce000 r--p 00000000 00:00 0 
7ff94fbce000-7ff94fbd0000 rw-p 00000000 00:00 0 
7ff94fbd0000-7ff94fbd1000 r--p 00022000 08:02 523286                     /lib/x86_64-linux-gnu/ld-2.15.so
7ff94fbd1000-7ff94fbd3000 rw-p 00023000 08:02 523286                     /lib/x86_64-linux-gnu/ld-2.15.so
7fff61247000-7fff61268000 rw-p 00000000 00:00 0                          [stack]
7fff6137c000-7fff6137d000 r-xp 00000000 00:00 0                          [vdso]
ffffffffff600000-ffffffffff601000 r-xp 00000000 00:00 0                  [vsyscall]

VM Arguments:
jvm_args: -Dfile.encoding=UTF-8 -Xbootclasspath:/home/josh/android-sdk-linux/platforms/android-7/android.jar 
java_command: Main
Launcher Type: SUN_STANDARD

Environment Variables:
PATH=/usr/local/sbin:/usr/local/bin:/usr/sbin:/usr/bin:/sbin:/bin:/usr/games
LD_LIBRARY_PATH=/usr/lib/jvm/java-6-openjdk-amd64/jre/lib/amd64/server:/usr/lib/jvm/java-6-openjdk-amd64/jre/lib/amd64:/usr/lib/jvm/java-6-openjdk-amd64/jre/../lib/amd64
SHELL=/bin/bash
DISPLAY=:0.0

Signal Handlers:
SIGSEGV: [libjvm.so+0x783f70], sa_mask[0]=0x7ffbfeff, sa_flags=0x10000004
SIGBUS: [libjvm.so+0x783f70], sa_mask[0]=0x7ffbfeff, sa_flags=0x10000004
SIGFPE: [libjvm.so+0x648640], sa_mask[0]=0x7ffbfeff, sa_flags=0x10000004
SIGPIPE: [libjvm.so+0x648640], sa_mask[0]=0x7ffbfeff, sa_flags=0x10000004
SIGXFSZ: [libjvm.so+0x648640], sa_mask[0]=0x7ffbfeff, sa_flags=0x10000004
SIGILL: [libjvm.so+0x648640], sa_mask[0]=0x7ffbfeff, sa_flags=0x10000004
SIGUSR1: SIG_DFL, sa_mask[0]=0x00000000, sa_flags=0x00000000
SIGUSR2: [libjvm.so+0x6487f0], sa_mask[0]=0x00000004, sa_flags=0x10000004
SIGHUP: SIG_DFL, sa_mask[0]=0x00000000, sa_flags=0x00000000
SIGINT: SIG_DFL, sa_mask[0]=0x00000000, sa_flags=0x00000000
SIGTERM: SIG_DFL, sa_mask[0]=0x00000000, sa_flags=0x00000000
SIGQUIT: SIG_DFL, sa_mask[0]=0x00000000, sa_flags=0x00000000


---------------  S Y S T E M  ---------------

OS:Ubuntu 12.04 (precise)
uname:Linux 3.2.0-18-generic #28-Ubuntu SMP Fri Mar 2 20:02:50 UTC 2012 x86_64
libc:glibc 2.15 NPTL 2.15 
rlimit: STACK 8192k, CORE 0k, NPROC 6757, NOFILE 4096, AS infinity
load average:3.20 1.85 1.30

/proc/meminfo:
MemTotal:         888924 kB
MemFree:           72132 kB
Buffers:            8920 kB
Cached:           200516 kB
SwapCached:        24616 kB
Active:           450612 kB
Inactive:         261224 kB
Active(anon):     358940 kB
Inactive(anon):   147780 kB
Active(file):      91672 kB
Inactive(file):   113444 kB
Unevictable:          16 kB
Mlocked:              16 kB
SwapTotal:        976556 kB
SwapFree:         773296 kB
Dirty:               252 kB
Writeback:             0 kB
AnonPages:        497624 kB
Mapped:            44488 kB
Shmem:              4280 kB
Slab:              46064 kB
SReclaimable:      24436 kB
SUnreclaim:        21628 kB
KernelStack:        2968 kB
PageTables:        25092 kB
NFS_Unstable:          0 kB
Bounce:                0 kB
WritebackTmp:          0 kB
CommitLimit:     1421016 kB
Committed_AS:    2220920 kB
VmallocTotal:   34359738367 kB
VmallocUsed:       24828 kB
VmallocChunk:   34359710720 kB
HardwareCorrupted:     0 kB
AnonHugePages:         0 kB
HugePages_Total:       0
HugePages_Free:        0
HugePages_Rsvd:        0
HugePages_Surp:        0
Hugepagesize:       2048 kB
DirectMap4k:       55744 kB
DirectMap2M:      860160 kB


CPU:total 1 (1 cores per cpu, 1 threads per core) family 15 model 76 stepping 2, cmov, cx8, fxsr, mmx, sse, sse2, sse3, mmxext, 3dnowpref

Memory: 4k page, physical 888924k(72132k free), swap 976556k(773296k free)

vm_info: OpenJDK 64-Bit Server VM (20.0-b12) for linux-amd64 JRE (1.6.0_24-b24), built on Mar  4 2012 13:47:51 by "buildd" with gcc 4.6.3

time: Tue Mar  6 18:13:52 2012
elapsed time: 0 seconds

